0 info it worked if it ends with ok
1 verbose cli [ '/Users/ruiramos/.nvm/versions/node/v5.8.0/bin/node',
1 verbose cli   '/Users/ruiramos/.nvm/versions/node/v5.8.0/bin/npm',
1 verbose cli   'run',
1 verbose cli   'push' ]
2 info using npm@3.7.3
3 info using node@v5.8.0
4 verbose run-script [ 'prepush', 'push', 'postpush' ]
5 info lifecycle hackaton_iot@1.0.0~prepush: hackaton_iot@1.0.0
6 silly lifecycle hackaton_iot@1.0.0~prepush: no script for prepush, continuing
7 info lifecycle hackaton_iot@1.0.0~push: hackaton_iot@1.0.0
8 verbose lifecycle hackaton_iot@1.0.0~push: unsafe-perm in lifecycle true
9 verbose lifecycle hackaton_iot@1.0.0~push: PATH: /Users/ruiramos/.nvm/versions/node/v5.8.0/lib/node_modules/npm/bin/node-gyp-bin:/Users/ruiramos/projects/inteliot/hackaton_iot/node_modules/.bin:/Users/ruiramos/.nvm/versions/node/v5.8.0/bin:/Users/ruiramos/.nvm/versions/node/v5.8.0/bin:/opt/local/bin:/opt/local/sbin:/usr/local/bin:/usr/bin:/bin:/usr/sbin:/sbin:/opt/local/lib/postgresql94/bin
10 verbose lifecycle hackaton_iot@1.0.0~push: CWD: /Users/ruiramos/projects/inteliot/hackaton_iot
11 silly lifecycle hackaton_iot@1.0.0~push: Args: [ '-c', './run_app.sh' ]
12 silly lifecycle hackaton_iot@1.0.0~push: Returned: code: 8  signal: null
13 info lifecycle hackaton_iot@1.0.0~push: Failed to exec push script
14 verbose stack Error: hackaton_iot@1.0.0 push: `./run_app.sh`
14 verbose stack Exit status 8
14 verbose stack     at EventEmitter.<anonymous> (/Users/ruiramos/.nvm/versions/node/v5.8.0/lib/node_modules/npm/lib/utils/lifecycle.js:239:16)
14 verbose stack     at emitTwo (events.js:100:13)
14 verbose stack     at EventEmitter.emit (events.js:185:7)
14 verbose stack     at ChildProcess.<anonymous> (/Users/ruiramos/.nvm/versions/node/v5.8.0/lib/node_modules/npm/lib/utils/spawn.js:24:14)
14 verbose stack     at emitTwo (events.js:100:13)
14 verbose stack     at ChildProcess.emit (events.js:185:7)
14 verbose stack     at maybeClose (internal/child_process.js:850:16)
14 verbose stack     at Process.ChildProcess._handle.onexit (internal/child_process.js:215:5)
15 verbose pkgid hackaton_iot@1.0.0
16 verbose cwd /Users/ruiramos/projects/inteliot/hackaton_iot
17 error Darwin 15.4.0
18 error argv "/Users/ruiramos/.nvm/versions/node/v5.8.0/bin/node" "/Users/ruiramos/.nvm/versions/node/v5.8.0/bin/npm" "run" "push"
19 error node v5.8.0
20 error npm  v3.7.3
21 error code ELIFECYCLE
22 error hackaton_iot@1.0.0 push: `./run_app.sh`
22 error Exit status 8
23 error Failed at the hackaton_iot@1.0.0 push script './run_app.sh'.
23 error Make sure you have the latest version of node.js and npm installed.
23 error If you do, this is most likely a problem with the hackaton_iot package,
23 error not with npm itself.
23 error Tell the author that this fails on your system:
23 error     ./run_app.sh
23 error You can get information on how to open an issue for this project with:
23 error     npm bugs hackaton_iot
23 error Or if that isn't available, you can get their info via:
23 error     npm owner ls hackaton_iot
23 error There is likely additional logging output above.
24 verbose exit [ 1, true ]
